2018-02-22 11:05:42.093 - INFO grails.app.domain.weatherapp.Clouds - this is from the clouds method
2018-02-22 11:05:42.095 - INFO grails.app.domain.weatherapp.Coordinates - this is from the Coordinates method
2018-02-22 11:05:42.095 - INFO grails.app.domain.weatherapp.CurrentWeather - this is from the CurrentWeather method
2018-02-22 11:05:42.095 - INFO grails.app.domain.weatherapp.Sys - this is from the sys method
2018-02-22 11:05:42.095 - INFO grails.app.domain.weatherapp.Weather - this is from the Weather method
2018-02-22 11:05:42.095 - INFO grails.app.domain.weatherapp.Wind - this is from the Wind method
2018-02-22 11:05:42.095 - INFO grails.app.domain.weatherapp.Main - this is from the Main method
2018-02-22 11:07:12.184 - INFO grails.app.controllers.weatherapp.CurrentWeatherController - This is the Clouds
2018-02-22 11:12:42.762 - INFO grails.app.controllers.weatherapp.CurrentWeatherController - This is the Clouds
2018-02-22 11:21:47.641 - INFO grails.app.controllers.weatherapp.CurrentWeatherController - This is the Clouds
2018-02-22 11:22:48.599 - INFO grails.app.domain.weatherapp.Clouds - this is from the clouds method
2018-02-22 11:22:48.600 - INFO grails.app.domain.weatherapp.Coordinates - this is from the Coordinates method
2018-02-22 11:22:48.600 - INFO grails.app.domain.weatherapp.CurrentWeather - this is from the CurrentWeather method
2018-02-22 11:22:48.601 - INFO grails.app.domain.weatherapp.Sys - this is from the sys method
2018-02-22 11:22:48.601 - INFO grails.app.domain.weatherapp.Weather - this is from the Weather method
2018-02-22 11:22:48.601 - INFO grails.app.domain.weatherapp.Wind - this is from the Wind method
2018-02-22 11:22:48.601 - INFO grails.app.domain.weatherapp.Main - this is from the Main method
2018-02-23 10:51:42.965 - INFO grails.app.domain.weatherapp.Clouds - this is from the clouds method
2018-02-23 10:51:42.967 - INFO grails.app.domain.weatherapp.Coordinates - this is from the Coordinates method
2018-02-23 10:51:42.968 - INFO grails.app.domain.weatherapp.CurrentWeather - this is from the CurrentWeather method
2018-02-23 10:51:42.968 - INFO grails.app.domain.weatherapp.Sys - this is from the sys method
2018-02-23 10:51:42.968 - INFO grails.app.domain.weatherapp.Weather - this is from the Weather method
2018-02-23 10:51:42.968 - INFO grails.app.domain.weatherapp.Wind - this is from the Wind method
2018-02-23 10:51:42.968 - INFO grails.app.domain.weatherapp.Main - this is from the Main method
2018-02-23 11:00:39.977 - INFO grails.app.domain.weatherapp.Clouds - this is from the clouds method
2018-02-23 11:00:39.979 - INFO grails.app.domain.weatherapp.Coordinates - this is from the Coordinates method
2018-02-23 11:00:39.979 - INFO grails.app.domain.weatherapp.CurrentWeather - this is from the CurrentWeather method
2018-02-23 11:00:39.979 - INFO grails.app.domain.weatherapp.Sys - this is from the sys method
2018-02-23 11:00:39.979 - INFO grails.app.domain.weatherapp.Weather - this is from the Weather method
2018-02-23 11:00:39.979 - INFO grails.app.domain.weatherapp.Wind - this is from the Wind method
2018-02-23 11:00:39.979 - INFO grails.app.domain.weatherapp.Main - this is from the Main method
2018-02-23 11:02:39.524 - INFO grails.app.domain.weatherapp.Clouds - this is from the clouds method
2018-02-23 11:02:39.526 - INFO grails.app.domain.weatherapp.Coordinates - this is from the Coordinates method
2018-02-23 11:02:39.526 - INFO grails.app.domain.weatherapp.CurrentWeather - this is from the CurrentWeather method
2018-02-23 11:02:39.526 - INFO grails.app.domain.weatherapp.Sys - this is from the sys method
2018-02-23 11:02:39.526 - INFO grails.app.domain.weatherapp.Weather - this is from the Weather method
2018-02-23 11:02:39.526 - INFO grails.app.domain.weatherapp.Wind - this is from the Wind method
2018-02-23 11:02:39.526 - INFO grails.app.domain.weatherapp.Main - this is from the Main method
2018-02-23 11:03:10.408 - INFO grails.app.domain.weatherapp.Clouds - this is from the clouds method
2018-02-23 11:03:10.410 - INFO grails.app.domain.weatherapp.Coordinates - this is from the Coordinates method
2018-02-23 11:03:10.410 - INFO grails.app.domain.weatherapp.CurrentWeather - this is from the CurrentWeather method
2018-02-23 11:03:10.410 - INFO grails.app.domain.weatherapp.Sys - this is from the sys method
2018-02-23 11:03:10.410 - INFO grails.app.domain.weatherapp.Weather - this is from the Weather method
2018-02-23 11:03:10.410 - INFO grails.app.domain.weatherapp.Wind - this is from the Wind method
2018-02-23 11:03:10.410 - INFO grails.app.domain.weatherapp.Main - this is from the Main method
2018-02-26 09:53:29.590 - INFO grails.app.domain.weatherapp.Clouds - this is from the clouds method
2018-02-26 09:53:29.593 - INFO grails.app.domain.weatherapp.Coordinates - this is from the Coordinates method
2018-02-26 09:53:29.593 - INFO grails.app.domain.weatherapp.CurrentWeather - this is from the CurrentWeather method
2018-02-26 09:53:29.593 - INFO grails.app.domain.weatherapp.Sys - this is from the sys method
2018-02-26 09:53:29.593 - INFO grails.app.domain.weatherapp.Weather - this is from the Weather method
2018-02-26 09:53:29.593 - INFO grails.app.domain.weatherapp.Wind - this is from the Wind method
2018-02-26 09:53:29.594 - INFO grails.app.domain.weatherapp.Main - this is from the Main method
